2017-04-19 15:31:50,995 - Velocimacro : autoload off : VM system will not automatically reload global library macros
2017-04-19 15:38:57,470 - Log4JLogChute initialized using file 'velocity.log'
2017-04-19 15:38:57,470 - Initializing Velocity, Calling init()...
2017-04-19 15:38:57,470 - Starting Apache Velocity v1.7 (compiled: 2010-11-19 12:14:37)
2017-04-19 15:38:57,470 - Default Properties File: org\apache\velocity\runtime\defaults\velocity.properties
2017-04-19 15:38:57,470 - Trying to use logger class org.apache.velocity.runtime.log.AvalonLogChute
2017-04-19 15:38:57,470 - Target log system for org.apache.velocity.runtime.log.AvalonLogChute is not available (java.lang.NoClassDefFoundError: org/apache/log/format/Formatter).  Falling back to next log system...
2017-04-19 15:38:57,470 - Trying to use logger class org.apache.velocity.runtime.log.Log4JLogChute
2017-04-19 15:38:57,470 - Using logger class org.apache.velocity.runtime.log.Log4JLogChute
2017-04-19 15:38:57,473 - ResourceLoader instantiated: org.apache.velocity.runtime.resource.loader.FileResourceLoader
2017-04-19 15:38:57,474 - Do unicode file recognition:  false
2017-04-19 15:38:57,474 - FileResourceLoader : adding path ''
2017-04-19 15:38:57,481 - ResourceCache: initialized (class org.apache.velocity.runtime.resource.ResourceCacheImpl) with class java.util.Collections$SynchronizedMap cache map.
2017-04-19 15:38:57,482 - Loaded System Directive: org.apache.velocity.runtime.directive.Stop
2017-04-19 15:38:57,483 - Loaded System Directive: org.apache.velocity.runtime.directive.Define
2017-04-19 15:38:57,483 - Loaded System Directive: org.apache.velocity.runtime.directive.Break
2017-04-19 15:38:57,484 - Loaded System Directive: org.apache.velocity.runtime.directive.Evaluate
2017-04-19 15:38:57,484 - Loaded System Directive: org.apache.velocity.runtime.directive.Literal
2017-04-19 15:38:57,485 - Loaded System Directive: org.apache.velocity.runtime.directive.Macro
2017-04-19 15:38:57,486 - Loaded System Directive: org.apache.velocity.runtime.directive.Parse
2017-04-19 15:38:57,486 - Loaded System Directive: org.apache.velocity.runtime.directive.Include
2017-04-19 15:38:57,487 - Loaded System Directive: org.apache.velocity.runtime.directive.Foreach
2017-04-19 15:38:57,509 - Created '20' parsers.
2017-04-19 15:38:57,513 - Velocimacro : "velocimacro.library" is not set.  Trying default library: VM_global_library.vm
2017-04-19 15:38:57,513 - Velocimacro : Default library not found.
2017-04-19 15:38:57,513 - Velocimacro : allowInline = true : VMs can be defined inline in templates
2017-04-19 15:38:57,513 - Velocimacro : allowInlineToOverride = false : VMs defined inline may NOT replace previous VM definitions
2017-04-19 15:38:57,513 - Velocimacro : allowInlineLocal = false : VMs defined inline will be global in scope if allowed.
2017-04-19 15:38:57,513 - Velocimacro : autoload off : VM system will not automatically reload global library macros
